<?xml version="1.0" encoding="UTF-8"?>
<testsuite name="lab00.Variant6Test" tests="24" skipped="0" failures="0" errors="0" timestamp="2023-10-08T08:30:57" hostname="vln.local" time="0.049">
  <properties/>
  <testcase name="arrayTest[0](5, 1, 2, [I@3cdf2c61)" classname="lab00.Variant6Test" time="0.005"/>
  <testcase name="arrayTest[1](6, 3, 1, [I@484094a5)" classname="lab00.Variant6Test" time="0.0"/>
  <testcase name="booleanTest[0](5, 6, 7, true)" classname="lab00.Variant6Test" time="0.0"/>
  <testcase name="booleanTest[1](0, 7, 4, false)" classname="lab00.Variant6Test" time="0.0"/>
  <testcase name="booleanTest[2](3, 8, 5, false)" classname="lab00.Variant6Test" time="0.001"/>
  <testcase name="forTest[0](5, [D@7f0d96f2)" classname="lab00.Variant6Test" time="0.003"/>
  <testcase name="forTest[1](2, [D@524f3b3a)" classname="lab00.Variant6Test" time="0.001"/>
  <testcase name="ifTest[0](2, 3, 3)" classname="lab00.Variant6Test" time="0.0"/>
  <testcase name="ifTest[1](0, 14, 14)" classname="lab00.Variant6Test" time="0.001"/>
  <testcase name="ifTest[2](18, -3, 18)" classname="lab00.Variant6Test" time="0.0"/>
  <testcase name="inputTest[0](23, [I@77102b91)" classname="lab00.Variant6Test" time="0.0"/>
  <testcase name="inputTest[1](12, [I@7fb95505)" classname="lab00.Variant6Test" time="0.0"/>
  <testcase name="inputTest[2](34, [I@7331196b)" classname="lab00.Variant6Test" time="0.0"/>
  <testcase name="inputTest[0](2, 3, 4, [I@2bd08376)" classname="lab00.Variant6Test" time="0.001"/>
  <testcase name="inputTest[1](5, 6, 7, [I@3d3e5463)" classname="lab00.Variant6Test" time="0.001"/>
  <testcase name="switchTest[0](1, 27, 2.7)" classname="lab00.Variant6Test" time="0.001"/>
  <testcase name="switchTest[1](3, 6, 6)" classname="lab00.Variant6Test" time="0.001"/>
  <testcase name="switchTest[2](2, 27.6, 27600)" classname="lab00.Variant6Test" time="0.0"/>
  <testcase name="twoDimensionArrayTest[0](3, 3, 2, [I@31c7528f, [[I@2b76ff4e)" classname="lab00.Variant6Test" time="0.013"/>
  <testcase name="twoDimensionArrayTest[1](2, 4, 3, [I@72437d8d, [[I@1b955cac)" classname="lab00.Variant6Test" time="0.0"/>
  <testcase name="whileTest[0](5, 15)" classname="lab00.Variant6Test" time="0.001"/>
  <testcase name="whileTest[1](12, 46080)" classname="lab00.Variant6Test" time="0.0"/>
  <testcase name="whileTest[2](7, 105)" classname="lab00.Variant6Test" time="0.001"/>
  <testcase name="whileTest[3](17, 34459425)" classname="lab00.Variant6Test" time="0.0"/>
  <system-out><![CDATA[]]></system-out>
  <system-err><![CDATA[]]></system-err>
</testsuite>
